# JRE version: OpenJDK Runtime Environment Temurin-17.0.8.1+1 (17.0.8.1+1) (build 17.0.8.1+1)
# Java VM: OpenJDK 64-Bit Server VM Temurin-17.0.8.1+1 (17.0.8.1+1, mixed mode, tiered, compressed oops, compressed class ptrs, g1 gc, windows-amd64)
GC Precious Log:
 CPUs: 8 total, 8 available
 Memory: 16299M
 Large Page Support: Disabled
 NUMA Support: Disabled
 Compressed Oops: Enabled (32-bit)
 Heap Region Size: 1M
 Heap Min Capacity: 8M
 Heap Initial Capacity: 256M
 Heap Max Capacity: 512M
 Pre-touch: Disabled
 Parallel Workers: 8
 Concurrent Workers: 2
 Concurrent Refinement Workers: 8
 Periodic GC: Disabled
Heap:
 garbage-first heap   total 56320K, used 34909K [0x00000000e0000000, 0x0000000100000000)
  region size 1024K, 8 young (8192K), 2 survivors (2048K)
 Metaspace       used 68406K, committed 68928K, reserved 1114112K
  class space    used 9381K, committed 9600K, reserved 1048576K
GC Heap History (20 events):
Event: 11.273 GC heap before
{Heap before GC invocations=22 (full 0):
 garbage-first heap   total 43008K, used 30449K [0x00000000e0000000, 0x0000000100000000)
  region size 1024K, 11 young (11264K), 2 survivors (2048K)
 Metaspace       used 49009K, committed 49536K, reserved 1114112K
  class space    used 6272K, committed 6528K, reserved 1048576K
}
Event: 11.277 GC heap after
{Heap after GC invocations=23 (full 0):
 garbage-first heap   total 43008K, used 23281K [0x00000000e0000000, 0x0000000100000000)
  region size 1024K, 2 young (2048K), 2 survivors (2048K)
 Metaspace       used 49009K, committed 49536K, reserved 1114112K
  class space    used 6272K, committed 6528K, reserved 1048576K
}
Event: 12.151 GC heap before
{Heap before GC invocations=23 (full 0):
 garbage-first heap   total 43008K, used 34545K [0x00000000e0000000, 0x0000000100000000)
  region size 1024K, 13 young (13312K), 2 survivors (2048K)
 Metaspace       used 51580K, committed 52160K, reserved 1114112K
  class space    used 6656K, committed 6912K, reserved 1048576K
}
Event: 12.154 GC heap after
{Heap after GC invocations=24 (full 0):
 garbage-first heap   total 43008K, used 24393K [0x00000000e0000000, 0x0000000100000000)
  region size 1024K, 2 young (2048K), 2 survivors (2048K)
 Metaspace       used 51580K, committed 52160K, reserved 1114112K
  class space    used 6656K, committed 6912K, reserved 1048576K
}
Event: 12.598 GC heap before
{Heap before GC invocations=25 (full 0):
 garbage-first heap   total 45056K, used 32585K [0x00000000e0000000, 0x0000000100000000)
  region size 1024K, 11 young (11264K), 2 survivors (2048K)
 Metaspace       used 53997K, committed 54528K, reserved 1114112K
  class space    used 6966K, committed 7232K, reserved 1048576K
}
Event: 12.601 GC heap after
{Heap after GC invocations=26 (full 0):
 garbage-first heap   total 45056K, used 25046K [0x00000000e0000000, 0x0000000100000000)
  region size 1024K, 1 young (1024K), 1 survivors (1024K)
 Metaspace       used 53997K, committed 54528K, reserved 1114112K
  class space    used 6966K, committed 7232K, reserved 1048576K
}
Event: 13.128 GC heap before
{Heap before GC invocations=26 (full 0):
 garbage-first heap   total 45056K, used 35286K [0x00000000e0000000, 0x0000000100000000)
  region size 1024K, 12 young (12288K), 1 survivors (1024K)
 Metaspace       used 57891K, committed 58368K, reserved 1114112K
  class space    used 7649K, committed 7872K, reserved 1048576K
}
Event: 13.130 GC heap after
{Heap after GC invocations=27 (full 0):
 garbage-first heap   total 45056K, used 25330K [0x00000000e0000000, 0x0000000100000000)
  region size 1024K, 1 young (1024K), 1 survivors (1024K)
 Metaspace       used 57891K, committed 58368K, reserved 1114112K
  class space    used 7649K, committed 7872K, reserved 1048576K
}
Event: 13.551 GC heap before
{Heap before GC invocations=28 (full 0):
 garbage-first heap   total 46080K, used 35570K [0x00000000e0000000, 0x0000000100000000)
  region size 1024K, 12 young (12288K), 1 survivors (1024K)
 Metaspace       used 60227K, committed 60736K, reserved 1114112K
  class space    used 8055K, committed 8320K, reserved 1048576K
}
Event: 13.553 GC heap after
{Heap after GC invocations=29 (full 0):
 garbage-first heap   total 46080K, used 25707K [0x00000000e0000000, 0x0000000100000000)
  region size 1024K, 2 young (2048K), 2 survivors (2048K)
 Metaspace       used 60227K, committed 60736K, reserved 1114112K
  class space    used 8055K, committed 8320K, reserved 1048576K
}
Event: 13.997 GC heap before
{Heap before GC invocations=29 (full 0):
 garbage-first heap   total 46080K, used 36971K [0x00000000e0000000, 0x0000000100000000)
  region size 1024K, 13 young (13312K), 2 survivors (2048K)
 Metaspace       used 62318K, committed 62848K, reserved 1114112K
  class space    used 8331K, committed 8576K, reserved 1048576K
}
Event: 14.001 GC heap after
{Heap after GC invocations=30 (full 0):
 garbage-first heap   total 46080K, used 26790K [0x00000000e0000000, 0x0000000100000000)
  region size 1024K, 2 young (2048K), 2 survivors (2048K)
 Metaspace       used 62318K, committed 62848K, reserved 1114112K
  class space    used 8331K, committed 8576K, reserved 1048576K
}
Event: 14.396 GC heap before
{Heap before GC invocations=31 (full 0):
 garbage-first heap   total 48128K, used 37030K [0x00000000e0000000, 0x0000000100000000)
  region size 1024K, 12 young (12288K), 2 survivors (2048K)
 Metaspace       used 63945K, committed 64512K, reserved 1114112K
  class space    used 8562K, committed 8832K, reserved 1048576K
}
Event: 14.400 GC heap after
{Heap after GC invocations=32 (full 0):
 garbage-first heap   total 48128K, used 27410K [0x00000000e0000000, 0x0000000100000000)
  region size 1024K, 2 young (2048K), 2 survivors (2048K)
 Metaspace       used 63945K, committed 64512K, reserved 1114112K
  class space    used 8562K, committed 8832K, reserved 1048576K
}
Event: 15.003 GC heap before
{Heap before GC invocations=32 (full 0):
 garbage-first heap   total 48128K, used 38674K [0x00000000e0000000, 0x0000000100000000)
  region size 1024K, 13 young (13312K), 2 survivors (2048K)
 Metaspace       used 65863K, committed 66432K, reserved 1114112K
  class space    used 8922K, committed 9152K, reserved 1048576K
}
Event: 15.007 GC heap after
{Heap after GC invocations=33 (full 0):
 garbage-first heap   total 48128K, used 28408K [0x00000000e0000000, 0x0000000100000000)
  region size 1024K, 2 young (2048K), 2 survivors (2048K)
 Metaspace       used 65863K, committed 66432K, reserved 1114112K
  class space    used 8922K, committed 9152K, reserved 1048576K
}
Event: 15.385 GC heap before
{Heap before GC invocations=34 (full 0):
 garbage-first heap   total 53248K, used 37624K [0x00000000e0000000, 0x0000000100000000)
  region size 1024K, 11 young (11264K), 2 survivors (2048K)
 Metaspace       used 66935K, committed 67456K, reserved 1114112K
  class space    used 9111K, committed 9344K, reserved 1048576K
}
Event: 15.388 GC heap after
{Heap after GC invocations=35 (full 0):
 garbage-first heap   total 53248K, used 29106K [0x00000000e0000000, 0x0000000100000000)
  region size 1024K, 1 young (1024K), 1 survivors (1024K)
 Metaspace       used 66935K, committed 67456K, reserved 1114112K
  class space    used 9111K, committed 9344K, reserved 1048576K
}
Event: 15.735 GC heap before
{Heap before GC invocations=35 (full 0):
 garbage-first heap   total 53248K, used 42418K [0x00000000e0000000, 0x0000000100000000)
  region size 1024K, 14 young (14336K), 1 survivors (1024K)
 Metaspace       used 67520K, committed 68096K, reserved 1114112K
  class space    used 9267K, committed 9536K, reserved 1048576K
}
Event: 15.737 GC heap after
{Heap after GC invocations=36 (full 0):
 garbage-first heap   total 53248K, used 29789K [0x00000000e0000000, 0x0000000100000000)
  region size 1024K, 2 young (2048K), 2 survivors (2048K)
 Metaspace       used 67520K, committed 68096K, reserved 1114112K
  class space    used 9267K, committed 9536K, reserved 1048576K
}

